<?xml version="1.0" encoding="UTF-8"?>
<testsuite name="StylistTest" tests="5" skipped="0" failures="0" errors="0" timestamp="2016-06-29T01:45:51" hostname="Colleens-MacBook-Pro.local" time="16.275">
  <properties/>
  <testcase name="count_returnsCorrectCountsIfStylistIdAreTheSame" classname="StylistTest" time="4.072"/>
  <testcase name="getClientListMatchStylistID" classname="StylistTest" time="4.983"/>
  <testcase name="all_emptyAtFirst" classname="StylistTest" time="2.079"/>
  <testcase name="true_stylistNameUpdated" classname="StylistTest" time="4.028"/>
  <testcase name="equals_returnsTrueIfStylistsAreTheSame" classname="StylistTest" time="1.112"/>
  <system-out><![CDATA[]]></system-out>
  <system-err><![CDATA[]]></system-err>
</testsuite>
